<object-stream>
<org.drools.core.audit.WorkingMemoryLog>
  <version>6.1</version>
  <events>
    <org.drools.core.audit.event.ObjectLogEvent>
      <type>1</type>
      <factId>1</factId>
      <objectToString>Justin</objectToString>
    </org.drools.core.audit.event.ObjectLogEvent>
    <org.drools.core.audit.event.ObjectLogEvent>
      <type>1</type>
      <factId>2</factId>
      <objectToString>Jeff</objectToString>
    </org.drools.core.audit.event.ObjectLogEvent>
    <org.drools.core.audit.event.ObjectLogEvent>
      <type>1</type>
      <factId>3</factId>
      <objectToString>Jimmy</objectToString>
    </org.drools.core.audit.event.ObjectLogEvent>
    <org.drools.core.audit.event.RuleFlowLogEvent>
      <type>8</type>
      <processId>defaultPackage.exampleRuleFlow</processId>
      <processName>exampleRuleFlow</processName>
      <processInstanceId>1</processInstanceId>
    </org.drools.core.audit.event.RuleFlowLogEvent>
    <org.drools.core.audit.event.RuleFlowNodeLogEvent>
      <type>24</type>
      <processId>defaultPackage.exampleRuleFlow</processId>
      <processName>exampleRuleFlow</processName>
      <processInstanceId>1</processInstanceId>
      <nodeId>StartEvent_1</nodeId>
      <nodeName>StartProcess</nodeName>
      <nodeInstanceId>0</nodeInstanceId>
    </org.drools.core.audit.event.RuleFlowNodeLogEvent>
    <org.drools.core.audit.event.RuleFlowNodeLogEvent>
      <type>26</type>
      <processId>defaultPackage.exampleRuleFlow</processId>
      <processName>exampleRuleFlow</processName>
      <processInstanceId>1</processInstanceId>
      <nodeId>StartEvent_1</nodeId>
      <nodeName>StartProcess</nodeName>
      <nodeInstanceId>0</nodeInstanceId>
    </org.drools.core.audit.event.RuleFlowNodeLogEvent>
    <org.drools.core.audit.event.RuleFlowNodeLogEvent>
      <type>24</type>
      <processId>defaultPackage.exampleRuleFlow</processId>
      <processName>exampleRuleFlow</processName>
      <processInstanceId>1</processInstanceId>
      <nodeId>BusinessRuleTask_1</nodeId>
      <nodeName>Business Rule Task 1</nodeName>
      <nodeInstanceId>1</nodeInstanceId>
    </org.drools.core.audit.event.RuleFlowNodeLogEvent>
    <org.drools.core.audit.event.RuleFlowGroupLogEvent>
      <type>12</type>
      <groupName>ruleflow1</groupName>
      <size>1</size>
    </org.drools.core.audit.event.RuleFlowGroupLogEvent>
    <org.drools.core.audit.event.RuleFlowGroupLogEvent>
      <type>13</type>
      <groupName>ruleflow1</groupName>
      <size>1</size>
    </org.drools.core.audit.event.RuleFlowGroupLogEvent>
    <org.drools.core.audit.event.RuleFlowNodeLogEvent>
      <type>25</type>
      <processId>defaultPackage.exampleRuleFlow</processId>
      <processName>exampleRuleFlow</processName>
      <processInstanceId>1</processInstanceId>
      <nodeId>BusinessRuleTask_1</nodeId>
      <nodeName>Business Rule Task 1</nodeName>
      <nodeInstanceId>1</nodeInstanceId>
    </org.drools.core.audit.event.RuleFlowNodeLogEvent>
    <org.drools.core.audit.event.RuleFlowNodeLogEvent>
      <type>27</type>
      <processId>defaultPackage.exampleRuleFlow</processId>
      <processName>exampleRuleFlow</processName>
      <processInstanceId>1</processInstanceId>
      <nodeId>StartEvent_1</nodeId>
      <nodeName>StartProcess</nodeName>
      <nodeInstanceId>0</nodeInstanceId>
    </org.drools.core.audit.event.RuleFlowNodeLogEvent>
    <org.drools.core.audit.event.RuleFlowNodeLogEvent>
      <type>25</type>
      <processId>defaultPackage.exampleRuleFlow</processId>
      <processName>exampleRuleFlow</processName>
      <processInstanceId>1</processInstanceId>
      <nodeId>StartEvent_1</nodeId>
      <nodeName>StartProcess</nodeName>
      <nodeInstanceId>0</nodeInstanceId>
    </org.drools.core.audit.event.RuleFlowNodeLogEvent>
    <org.drools.core.audit.event.RuleFlowLogEvent>
      <type>9</type>
      <processId>defaultPackage.exampleRuleFlow</processId>
      <processName>exampleRuleFlow</processName>
      <processInstanceId>1</processInstanceId>
    </org.drools.core.audit.event.RuleFlowLogEvent>
    <org.drools.core.audit.event.ActivationLogEvent>
      <type>4</type>
      <activationId>Hello Group 1 [0]</activationId>
      <rule>Hello Group 1</rule>
      <declarations></declarations>
      <ruleFlowGroup>ruleflow1</ruleFlowGroup>
      <factHandleIds>0</factHandleIds>
    </org.drools.core.audit.event.ActivationLogEvent>
    <org.drools.core.audit.event.ActivationLogEvent>
      <type>6</type>
      <activationId>Hello Group 1 [0]</activationId>
      <rule>Hello Group 1</rule>
      <declarations></declarations>
      <ruleFlowGroup>ruleflow1</ruleFlowGroup>
      <factHandleIds>0</factHandleIds>
    </org.drools.core.audit.event.ActivationLogEvent>
    <org.drools.core.audit.event.ActivationLogEvent>
      <type>7</type>
      <activationId>Hello Group 1 [0]</activationId>
      <rule>Hello Group 1</rule>
      <declarations></declarations>
      <ruleFlowGroup>ruleflow1</ruleFlowGroup>
      <factHandleIds>0</factHandleIds>
    </org.drools.core.audit.event.ActivationLogEvent>
    <org.drools.core.audit.event.RuleFlowNodeLogEvent>
      <type>26</type>
      <processId>defaultPackage.exampleRuleFlow</processId>
      <processName>exampleRuleFlow</processName>
      <processInstanceId>1</processInstanceId>
      <nodeId>BusinessRuleTask_1</nodeId>
      <nodeName>Business Rule Task 1</nodeName>
      <nodeInstanceId>1</nodeInstanceId>
    </org.drools.core.audit.event.RuleFlowNodeLogEvent>
    <org.drools.core.audit.event.RuleFlowNodeLogEvent>
      <type>24</type>
      <processId>defaultPackage.exampleRuleFlow</processId>
      <processName>exampleRuleFlow</processName>
      <processInstanceId>1</processInstanceId>
      <nodeId>BusinessRuleTask_2</nodeId>
      <nodeName>Business Rule Task 2</nodeName>
      <nodeInstanceId>2</nodeInstanceId>
    </org.drools.core.audit.event.RuleFlowNodeLogEvent>
    <org.drools.core.audit.event.RuleFlowGroupLogEvent>
      <type>12</type>
      <groupName>ruleflow2</groupName>
      <size>1</size>
    </org.drools.core.audit.event.RuleFlowGroupLogEvent>
    <org.drools.core.audit.event.RuleFlowGroupLogEvent>
      <type>13</type>
      <groupName>ruleflow2</groupName>
      <size>1</size>
    </org.drools.core.audit.event.RuleFlowGroupLogEvent>
    <org.drools.core.audit.event.RuleFlowNodeLogEvent>
      <type>25</type>
      <processId>defaultPackage.exampleRuleFlow</processId>
      <processName>exampleRuleFlow</processName>
      <processInstanceId>1</processInstanceId>
      <nodeId>BusinessRuleTask_2</nodeId>
      <nodeName>Business Rule Task 2</nodeName>
      <nodeInstanceId>2</nodeInstanceId>
    </org.drools.core.audit.event.RuleFlowNodeLogEvent>
    <org.drools.core.audit.event.RuleFlowNodeLogEvent>
      <type>27</type>
      <processId>defaultPackage.exampleRuleFlow</processId>
      <processName>exampleRuleFlow</processName>
      <processInstanceId>1</processInstanceId>
      <nodeId>BusinessRuleTask_1</nodeId>
      <nodeName>Business Rule Task 1</nodeName>
      <nodeInstanceId>1</nodeInstanceId>
    </org.drools.core.audit.event.RuleFlowNodeLogEvent>
    <org.drools.core.audit.event.RuleFlowGroupLogEvent>
      <type>15</type>
      <groupName>ruleflow1</groupName>
      <size>0</size>
    </org.drools.core.audit.event.RuleFlowGroupLogEvent>
    <org.drools.core.audit.event.ActivationLogEvent>
      <type>4</type>
      <activationId>Hello Group 2 [0]</activationId>
      <rule>Hello Group 2</rule>
      <declarations></declarations>
      <ruleFlowGroup>ruleflow2</ruleFlowGroup>
      <factHandleIds>0</factHandleIds>
    </org.drools.core.audit.event.ActivationLogEvent>
    <org.drools.core.audit.event.ActivationLogEvent>
      <type>6</type>
      <activationId>Hello Group 2 [0]</activationId>
      <rule>Hello Group 2</rule>
      <declarations></declarations>
      <ruleFlowGroup>ruleflow2</ruleFlowGroup>
      <factHandleIds>0</factHandleIds>
    </org.drools.core.audit.event.ActivationLogEvent>
    <org.drools.core.audit.event.ActivationLogEvent>
      <type>7</type>
      <activationId>Hello Group 2 [0]</activationId>
      <rule>Hello Group 2</rule>
      <declarations></declarations>
      <ruleFlowGroup>ruleflow2</ruleFlowGroup>
      <factHandleIds>0</factHandleIds>
    </org.drools.core.audit.event.ActivationLogEvent>
    <org.drools.core.audit.event.RuleFlowNodeLogEvent>
      <type>26</type>
      <processId>defaultPackage.exampleRuleFlow</processId>
      <processName>exampleRuleFlow</processName>
      <processInstanceId>1</processInstanceId>
      <nodeId>BusinessRuleTask_2</nodeId>
      <nodeName>Business Rule Task 2</nodeName>
      <nodeInstanceId>2</nodeInstanceId>
    </org.drools.core.audit.event.RuleFlowNodeLogEvent>
    <org.drools.core.audit.event.RuleFlowNodeLogEvent>
      <type>24</type>
      <processId>defaultPackage.exampleRuleFlow</processId>
      <processName>exampleRuleFlow</processName>
      <processInstanceId>1</processInstanceId>
      <nodeId>EndEvent_2</nodeId>
      <nodeName></nodeName>
      <nodeInstanceId>3</nodeInstanceId>
    </org.drools.core.audit.event.RuleFlowNodeLogEvent>
    <org.drools.core.audit.event.RuleFlowNodeLogEvent>
      <type>26</type>
      <processId>defaultPackage.exampleRuleFlow</processId>
      <processName>exampleRuleFlow</processName>
      <processInstanceId>1</processInstanceId>
      <nodeId>EndEvent_2</nodeId>
      <nodeName></nodeName>
      <nodeInstanceId>3</nodeInstanceId>
    </org.drools.core.audit.event.RuleFlowNodeLogEvent>
    <org.drools.core.audit.event.RuleFlowLogEvent>
      <type>10</type>
      <processId>defaultPackage.exampleRuleFlow</processId>
      <processName>exampleRuleFlow</processName>
      <processInstanceId>1</processInstanceId>
    </org.drools.core.audit.event.RuleFlowLogEvent>
    <org.drools.core.audit.event.RuleFlowLogEvent>
      <type>11</type>
      <processId>defaultPackage.exampleRuleFlow</processId>
      <processName>exampleRuleFlow</processName>
      <processInstanceId>1</processInstanceId>
    </org.drools.core.audit.event.RuleFlowLogEvent>
    <org.drools.core.audit.event.RuleFlowNodeLogEvent>
      <type>27</type>
      <processId>defaultPackage.exampleRuleFlow</processId>
      <processName>exampleRuleFlow</processName>
      <processInstanceId>1</processInstanceId>
      <nodeId>EndEvent_2</nodeId>
      <nodeName></nodeName>
      <nodeInstanceId>3</nodeInstanceId>
    </org.drools.core.audit.event.RuleFlowNodeLogEvent>
    <org.drools.core.audit.event.RuleFlowNodeLogEvent>
      <type>25</type>
      <processId>defaultPackage.exampleRuleFlow</processId>
      <processName>exampleRuleFlow</processName>
      <processInstanceId>1</processInstanceId>
      <nodeId>EndEvent_2</nodeId>
      <nodeName></nodeName>
      <nodeInstanceId>3</nodeInstanceId>
    </org.drools.core.audit.event.RuleFlowNodeLogEvent>
    <org.drools.core.audit.event.RuleFlowNodeLogEvent>
      <type>27</type>
      <processId>defaultPackage.exampleRuleFlow</processId>
      <processName>exampleRuleFlow</processName>
      <processInstanceId>1</processInstanceId>
      <nodeId>BusinessRuleTask_2</nodeId>
      <nodeName>Business Rule Task 2</nodeName>
      <nodeInstanceId>2</nodeInstanceId>
    </org.drools.core.audit.event.RuleFlowNodeLogEvent>
    <org.drools.core.audit.event.RuleFlowGroupLogEvent>
      <type>15</type>
      <groupName>ruleflow2</groupName>
      <size>0</size>
    </org.drools.core.audit.event.RuleFlowGroupLogEvent>
    <org.drools.core.audit.event.ActivationLogEvent>
      <type>4</type>
      <activationId>Hello World [3]</activationId>
      <rule>Hello World</rule>
      <declarations>$s=Jimmy(3)</declarations>
      <factHandleIds>3</factHandleIds>
    </org.drools.core.audit.event.ActivationLogEvent>
    <org.drools.core.audit.event.ActivationLogEvent>
      <type>4</type>
      <activationId>Hello World [2]</activationId>
      <rule>Hello World</rule>
      <declarations>$s=Jeff(2)</declarations>
      <factHandleIds>2</factHandleIds>
    </org.drools.core.audit.event.ActivationLogEvent>
    <org.drools.core.audit.event.ActivationLogEvent>
      <type>4</type>
      <activationId>Hello World [1]</activationId>
      <rule>Hello World</rule>
      <declarations>$s=Justin(1)</declarations>
      <factHandleIds>1</factHandleIds>
    </org.drools.core.audit.event.ActivationLogEvent>
    <org.drools.core.audit.event.ActivationLogEvent>
      <type>6</type>
      <activationId>Hello World [3]</activationId>
      <rule>Hello World</rule>
      <declarations>$s=Jimmy(3)</declarations>
      <factHandleIds>3</factHandleIds>
    </org.drools.core.audit.event.ActivationLogEvent>
    <org.drools.core.audit.event.ActivationLogEvent>
      <type>7</type>
      <activationId>Hello World [3]</activationId>
      <rule>Hello World</rule>
      <declarations>$s=Jimmy(3)</declarations>
      <factHandleIds>3</factHandleIds>
    </org.drools.core.audit.event.ActivationLogEvent>
    <org.drools.core.audit.event.ActivationLogEvent>
      <type>6</type>
      <activationId>Hello World [2]</activationId>
      <rule>Hello World</rule>
      <declarations>$s=Jeff(2)</declarations>
      <factHandleIds>2</factHandleIds>
    </org.drools.core.audit.event.ActivationLogEvent>
    <org.drools.core.audit.event.ActivationLogEvent>
      <type>7</type>
      <activationId>Hello World [2]</activationId>
      <rule>Hello World</rule>
      <declarations>$s=Jeff(2)</declarations>
      <factHandleIds>2</factHandleIds>
    </org.drools.core.audit.event.ActivationLogEvent>
    <org.drools.core.audit.event.ActivationLogEvent>
      <type>6</type>
      <activationId>Hello World [1]</activationId>
      <rule>Hello World</rule>
      <declarations>$s=Justin(1)</declarations>
      <factHandleIds>1</factHandleIds>
    </org.drools.core.audit.event.ActivationLogEvent>
    <org.drools.core.audit.event.ActivationLogEvent>
      <type>7</type>
      <activationId>Hello World [1]</activationId>
      <rule>Hello World</rule>
      <declarations>$s=Justin(1)</declarations>
      <factHandleIds>1</factHandleIds>
    </org.drools.core.audit.event.ActivationLogEvent>
  </events>
  <engine>PHREAK</engine>
</org.drools.core.audit.WorkingMemoryLog>
</object-stream>
